[13:23:03] [main/INFO]: Setting user: PlaidLife
[13:23:08] [main/WARN]: Skipping bad option: lastServer:
[13:23:08] [main/INFO]: LWJGL Version: 2.9.1
[13:23:12] [main/INFO]: Reloading ResourceManager: Default, FMLFileResourcePack:Forge Mod Loader, FMLFileResourcePack:Minecraft Forge, FMLFileResourcePack:Better Builder's Wands, FMLFileResourcePack:Chameleon, FMLFileResourcePack:Chest Transporter, FMLFileResourcePack:Chisels & Bits, FMLFileResourcePack:FTBLib, FMLFileResourcePack:FTBUtilities, FMLFileResourcePack:Waila, FMLFileResourcePack:Just Enough Items, FMLFileResourcePack:JourneyMap, FMLFileResourcePack:Morpheus, FMLFileResourcePack:Storage Drawers, FMLFileResourcePack:Tomb Many Graves
[13:23:14] [Sound Library Loader/INFO]: Starting up SoundSystem...
[13:23:14] [Thread-5/INFO]: Initializing LWJGL OpenAL
[13:23:14] [Thread-5/INFO]: (The LWJGL binding of OpenAL.  For more information, see http://www.lwjgl.org)
[13:23:14] [Thread-5/INFO]: OpenAL initialized.
[13:23:15] [Sound Library Loader/INFO]: Sound engine started
[13:23:17] [main/INFO]: Created: 1024x512 textures-atlas
[13:23:22] [main/WARN]: Skipping bad option: lastServer:
[13:23:22] [main/WARN]: ERROR : Couldn't load Narrator library : Unable to load library 'fliteWrapper': Native library (linux-x86-64/libfliteWrapper.so) not found in resource path ([file:/home/josephe/.local/share/multimc/bin/jars/NewLaunch.jar, file:/home/josephe/.local/share/multimc/libraries/com/mojang/patchy/1.1/patchy-1.1.jar, file:/home/josephe/.local/share/multimc/libraries/oshi-project/oshi-core/1.1/oshi-core-1.1.jar, file:/home/josephe/.local/share/multimc/libraries/net/java/dev/jna/jna/4.4.0/jna-4.4.0.jar, file:/home/josephe/.local/share/multimc/libraries/net/java/dev/jna/platform/3.4.0/platform-3.4.0.jar, file:/home/josephe/.local/share/multimc/libraries/com/ibm/icu/icu4j-core-mojang/51.2/icu4j-core-mojang-51.2.jar, file:/home/josephe/.local/share/multimc/libraries/net/sf/jopt-simple/jopt-simple/5.0.3/jopt-simple-5.0.3.jar, file:/home/josephe/.local/share/multimc/libraries/com/paulscode/codecjorbis/20101023/codecjorbis-20101023.jar, file:/home/josephe/.local/share/multimc/libraries/com/paulscode/codecwav/20101023/codecwav-20101023.jar, file:/home/josephe/.local/share/multimc/libraries/com/paulscode/libraryjavasound/20101123/libraryjavasound-20101123.jar, file:/home/josephe/.local/share/multimc/libraries/com/paulscode/librarylwjglopenal/20100824/librarylwjglopenal-20100824.jar, file:/home/josephe/.local/share/multimc/libraries/com/paulscode/soundsystem/20120107/soundsystem-20120107.jar, file:/home/josephe/.local/share/multimc/libraries/io/netty/netty-all/4.1.9.Final/netty-all-4.1.9.Final.jar, file:/home/josephe/.local/share/multimc/libraries/com/google/guava/guava/21.0/guava-21.0.jar, file:/home/josephe/.local/share/multimc/libraries/org/apache/commons/commons-lang3/3.5/commons-lang3-3.5.jar, file:/home/josephe/.local/share/multimc/libraries/commons-io/commons-io/2.5/commons-io-2.5.jar, file:/home/josephe/.local/share/multimc/libraries/commons-codec/commons-codec/1.10/commons-codec-1.10.jar, file:/home/josephe/.local/share/multimc/libraries/com/google/code/gson/gson/2.8.0/gson-2.8.0.jar, file:/home/josephe/.local/share/multimc/libraries/com/mojang/authlib/1.5.25/authlib-1.5.25.jar, file:/home/josephe/.local/share/multimc/libraries/com/mojang/realms/1.10.17/realms-1.10.17.jar, file:/home/josephe/.local/share/multimc/libraries/org/apache/commons/commons-compress/1.8.1/commons-compress-1.8.1.jar, file:/home/josephe/.local/share/multimc/libraries/org/apache/httpcomponents/httpclient/4.3.3/httpclient-4.3.3.jar, file:/home/josephe/.local/share/multimc/libraries/commons-logging/commons-logging/1.1.3/commons-logging-1.1.3.jar, file:/home/josephe/.local/share/multimc/libraries/org/apache/httpcomponents/httpcore/4.3.2/httpcore-4.3.2.jar, file:/home/josephe/.local/share/multimc/libraries/it/unimi/dsi/fastutil/7.1.0/fastutil-7.1.0.jar, file:/home/josephe/.local/share/multimc/libraries/org/apache/logging/log4j/log4j-api/2.8.1/log4j-api-2.8.1.jar, file:/home/josephe/.local/share/multimc/libraries/org/apache/logging/log4j/log4j-core/2.8.1/log4j-core-2.8.1.jar, file:/home/josephe/.local/share/multimc/libraries/com/mojang/text2speech/1.10.3/text2speech-1.10.3.jar, file:/home/josephe/.local/share/multimc/libraries/net/java/jinput/jinput/2.0.5/jinput-2.0.5.jar, file:/home/josephe/.local/share/multimc/libraries/net/java/jutils/jutils/1.0.0/jutils-1.0.0.jar, file:/home/josephe/.local/share/multimc/libraries/org/lwjgl/lwjgl/lwjgl/2.9.1/lwjgl-2.9.1.jar, file:/home/josephe/.local/share/multimc/libraries/org/lwjgl/lwjgl/lwjgl_util/2.9.1/lwjgl_util-2.9.1.jar, file:/home/josephe/.local/share/multimc/libraries/net/minecraftforge/forge/1.12.1-14.22.0.2460/forge-1.12.1-14.22.0.2460-universal.jar, file:/home/josephe/.local/share/multimc/libraries/net/minecraft/launchwrapper/1.12/launchwrapper-1.12.jar, file:/home/josephe/.local/share/multimc/libraries/org/ow2/asm/asm-all/5.2/asm-all-5.2.jar, file:/home/josephe/.local/share/multimc/libraries/jline/jline/2.13/jline-2.13.jar, file:/home/josephe/.local/share/multimc/libraries/com/typesafe/akka/akka-actor_2.11/2.3.3/akka-actor_2.11-2.3.3.jar, file:/home/josephe/.local/share/multimc/libraries/com/typesafe/config/1.2.1/config-1.2.1.jar, file:/home/josephe/.local/share/multimc/libraries/org/scala-lang/scala-actors-migration_2.11/1.1.0/scala-actors-migration_2.11-1.1.0.jar, file:/home/josephe/.local/share/multimc/libraries/org/scala-lang/scala-compiler/2.11.1/scala-compiler-2.11.1.jar, file:/home/josephe/.local/share/multimc/libraries/org/scala-lang/plugins/scala-continuations-library_2.11/1.0.2/scala-continuations-library_2.11-1.0.2.jar, file:/home/josephe/.local/share/multimc/libraries/org/scala-lang/plugins/scala-continuations-plugin_2.11.1/1.0.2/scala-continuations-plugin_2.11.1-1.0.2.jar, file:/home/josephe/.local/share/multimc/libraries/org/scala-lang/scala-library/2.11.1/scala-library-2.11.1.jar, file:/home/josephe/.local/share/multimc/libraries/org/scala-lang/scala-parser-combinators_2.11/1.0.1/scala-parser-combinators_2.11-1.0.1.jar, file:/home/josephe/.local/share/multimc/libraries/org/scala-lang/scala-reflect/2.11.1/scala-reflect-2.11.1.jar, file:/home/josephe/.local/share/multimc/libraries/org/scala-lang/scala-swing_2.11/1.0.1/scala-swing_2.11-1.0.1.jar, file:/home/josephe/.local/share/multimc/libraries/org/scala-lang/scala-xml_2.11/1.0.2/scala-xml_2.11-1.0.2.jar, file:/home/josephe/.local/share/multimc/libraries/lzma/lzma/0.0.1/lzma-0.0.1.jar, file:/home/josephe/.local/share/multimc/libraries/java3d/vecmath/1.5.2/vecmath-1.5.2.jar, file:/home/josephe/.local/share/multimc/libraries/net/sf/trove4j/trove4j/3.0.3/trove4j-3.0.3.jar, file:/home/josephe/.local/share/multimc/versions/1.12.1/1.12.1.jar, asmgen:/, file:/home/josephe/.local/share/multimc/instances/Vanillaish/minecraft/mods/BetterBuildersWands-1.12-0.11.1.245+69d0d70.jar, file:/home/josephe/.local/share/multimc/instances/Vanillaish/minecraft/mods/Chameleon-1.12-4.1.3.jar, file:/home/josephe/.local/share/multimc/instances/Vanillaish/minecraft/mods/ChestTransporter-1.12-2.8.7.jar, file:/home/josephe/.local/share/multimc/instances/Vanillaish/minecraft/mods/chiselsandbits-14.6.jar, file:/home/josephe/.local/share/multimc/instances/Vanillaish/minecraft/mods/FTBLib-4.0.5.jar, file:/home/josephe/.local/share/multimc/instances/Vanillaish/minecraft/mods/FTBUtilities-4.0.3.jar, file:/home/josephe/.local/share/multimc/instances/Vanillaish/minecraft/mods/Hwyla-1.8.20-B35_1.12.jar, file:/home/josephe/.local/share/multimc/instances/Vanillaish/minecraft/mods/jei_1.12-4.7.5.85.jar, file:/home/josephe/.local/share/multimc/instances/Vanillaish/minecraft/mods/journeymap-1.12-5.4.9.jar, file:/home/josephe/.local/share/multimc/instances/Vanillaish/minecraft/mods/Morpheus-1.12-3.3.2.jar, file:/home/josephe/.local/share/multimc/instances/Vanillaish/minecraft/mods/StorageDrawers-1.12-5.2.9.jar, file:/home/josephe/.local/share/multimc/instances/Vanillaish/minecraft/mods/TombManyGraves-1.12-4.0.0.jar])
[13:23:53] [main/INFO]: Deleting level New World
[13:23:53] [main/INFO]: Attempt 1...
[13:24:43] [Server thread/INFO]: Starting integrated minecraft server version 1.12.1
[13:24:43] [Server thread/INFO]: Generating keypair
[13:24:43] [Server thread/INFO]: Loaded 488 advancements
[13:24:44] [Server thread/INFO]: Preparing start region for level 0
[13:24:45] [Server thread/INFO]: Preparing spawn area: 7%
[13:24:46] [Server thread/INFO]: Preparing spawn area: 16%
[13:24:47] [Server thread/INFO]: Preparing spawn area: 25%
[13:24:48] [Server thread/INFO]: Preparing spawn area: 33%
[13:24:49] [Server thread/INFO]: Preparing spawn area: 42%
[13:24:50] [Server thread/INFO]: Preparing spawn area: 49%
[13:24:51] [Server thread/INFO]: Preparing spawn area: 57%
[13:24:52] [Server thread/INFO]: Preparing spawn area: 65%
[13:24:53] [Server thread/INFO]: Preparing spawn area: 72%
[13:24:54] [Server thread/INFO]: Preparing spawn area: 83%
[13:24:55] [Server thread/INFO]: Preparing spawn area: 95%
[13:24:56] [Server thread/INFO]: Changing view distance to 12, from 10
[13:24:58] [Server thread/INFO]: PlaidLife[local:E:8b11fff8] logged in with entity id 448 at (183.5, 73.0, 260.5)
[13:24:58] [Server thread/INFO]: PlaidLife joined the game
[13:25:00] [main/INFO]: [CHAT] You haven't joined or created a team yet! [Click Here] to open TeamsGUI or [Click Here] to hide this message.
[13:25:01] [Server thread/WARN]: Can't keep up! Did the system time change, or is the server overloaded? Running 5420ms behind, skipping 108 tick(s)
[13:25:01] [Server thread/INFO]: Saving and pausing game...
[13:25:01] [Server thread/INFO]: Saving chunks for level 'check_seed'/overworld
[13:25:02] [Server thread/INFO]: Saving chunks for level 'check_seed'/the_nether
[13:25:02] [Server thread/INFO]: Saving chunks for level 'check_seed'/the_end
[13:25:34] [main/INFO]: [CHAT] §eJourneyMap:§f Press [§bJ§f]
[13:25:58] [Server thread/INFO]: [PlaidLife: Teleported PlaidLife to 24.5, 65.0, 872.5]
[13:25:58] [main/INFO]: [CHAT] Teleported PlaidLife to 24.5, 65.0, 872.5
[13:26:05] [Server thread/WARN]: Can't keep up! Did the system time change, or is the server overloaded? Running 3535ms behind, skipping 70 tick(s)
[13:26:12] [main/WARN]: Received passengers for unknown entity
[13:26:31] [Server thread/WARN]: Can't keep up! Did the system time change, or is the server overloaded? Running 6214ms behind, skipping 124 tick(s)
[13:26:46] [main/INFO]: Loaded 7 advancements
[13:26:55] [Server thread/WARN]: Can't keep up! Did the system time change, or is the server overloaded? Running 2595ms behind, skipping 51 tick(s)
[13:26:56] [Server thread/INFO]: Saving and pausing game...
[13:26:56] [Server thread/INFO]: Saving chunks for level 'check_seed'/overworld
[13:26:56] [Server thread/INFO]: Saving chunks for level 'check_seed'/the_nether
[13:26:56] [Server thread/INFO]: Saving chunks for level 'check_seed'/the_end
[13:27:43] [Server thread/INFO]: Saving and pausing game...
[13:27:43] [Server thread/INFO]: Saving chunks for level 'check_seed'/overworld
[13:27:43] [Server thread/INFO]: Saving chunks for level 'check_seed'/the_nether
[13:27:43] [Server thread/INFO]: Saving chunks for level 'check_seed'/the_end
[13:28:08] [Server thread/INFO]: Saving and pausing game...
[13:28:08] [Server thread/INFO]: Saving chunks for level 'check_seed'/overworld
[13:28:08] [Server thread/INFO]: Saving chunks for level 'check_seed'/the_nether
[13:28:08] [Server thread/INFO]: Saving chunks for level 'check_seed'/the_end
[13:28:52] [Server thread/INFO]: [PlaidLife: Teleported PlaidLife to -2223.5, 100.0, -1499.5]
[13:28:52] [main/INFO]: [CHAT] Teleported PlaidLife to -2223.5, 100.0, -1499.5
[13:28:59] [Server thread/WARN]: Can't keep up! Did the system time change, or is the server overloaded? Running 2860ms behind, skipping 57 tick(s)
[13:29:27] [Server thread/WARN]: Can't keep up! Did the system time change, or is the server overloaded? Running 4700ms behind, skipping 94 tick(s)
[13:29:32] [Server thread/INFO]: Saving and pausing game...
[13:29:32] [Server thread/INFO]: Saving chunks for level 'check_seed'/overworld
[13:29:33] [Server thread/INFO]: Saving chunks for level 'check_seed'/the_nether
[13:29:33] [Server thread/INFO]: Saving chunks for level 'check_seed'/the_end
[13:29:33] [Server thread/INFO]: Stopping server
[13:29:33] [Server thread/INFO]: Saving players
[13:29:33] [Server thread/INFO]: PlaidLife lost connection: Disconnected
[13:29:33] [Server thread/INFO]: PlaidLife left the game
[13:29:33] [Server thread/INFO]: Stopping singleplayer server as player logged out
[13:29:33] [Server thread/INFO]: Saving worlds
[13:29:33] [Server thread/INFO]: Saving chunks for level 'check_seed'/overworld
[13:29:33] [Server thread/INFO]: Saving chunks for level 'check_seed'/the_nether
[13:29:33] [Server thread/INFO]: Saving chunks for level 'check_seed'/the_end
[13:29:36] [main/INFO]: Stopping!
[13:29:36] [main/INFO]: SoundSystem shutting down...
[13:29:36] [main/WARN]: Author: Paul Lamb, www.paulscode.com
